my_module/build/intermediates/manifest_merge_blame_file/debug/manifest-merger-blame-debug-report.txt
1<?xml version="1.0" encoding="utf-8"?>
2<manifest xmlns:android="http://schemas.android.com/apk/res/android"
3    package="com.example.birbankinvest.my_module" >
4
5    <uses-sdk android:minSdkVersion="26" />
5-->src\main\AndroidManifest.xml
6
7    <application>
7-->src\main\AndroidManifest.xml:5:5-9:19
8        <activity
8-->src\main\AndroidManifest.xml:6:9-8:40
9            android:name="com.example.my_module.MainActivity2"
9-->src\main\AndroidManifest.xml:7:13-63
10            android:exported="false" />
10-->src\main\AndroidManifest.xml:8:13-37
11    </application>
12
13</manifest>